This is XeTeX, Version 3.141592653-2.6-0.999996 (TeX Live 2024) (preloaded format=xetex 2024.6.21)  5 SEP 2024 02:53
entering extended mode
 restricted \write18 enabled.
 %&-line parsing enabled.
**"/Volumes/Users/GitHub/jlaurens/synctex/test standalone/test_engine/2024/gh/g
h84/gh84_xetex.tex"

(/Volumes/Users/GitHub/jlaurens/synctex/test standalone/test_engine/2024/gh/gh8
4/gh84_xetex.tex
Underfull \hbox (badness 10000) detected at line 9
[]$[]$[]

\hbox(0.0+0.0)x0.09343
.\hbox(0.0+0.0)x0.00005
.\mathon, surrounded 0.01526
.\hbox(0.0+0.0)x0.0003
.\mathoff, surrounded 0.01526
.\hbox(0.0+0.0)x0.00153

! Missing } inserted.
<inserted text> 
                }
<to be read again> 
                   \vfill 
l.10 \vfill
           
I've inserted something that you may have forgotten.
(See the <inserted text> above.)
With luck, this will get me unwedged. But if you
really didn't forget anything, try typing `2' now; then
my insertion and my current dilemma will both disappear.

[1] )
Output written on gh84_xetex.pdf (1 page).
